#
# There is insufficient memory for the Java Runtime Environment to continue.
# Native memory allocation (malloc) failed to allocate 635216 bytes for Chunk::new
# Possible reasons:
#   The system is out of physical RAM or swap space
#   In 32 bit mode, the process size limit was hit
# Possible solutions:
#   Reduce memory load on the system
#   Increase physical memory or swap space
#   Check if swap backing store is full
#   Use 64 bit Java on a 64 bit OS
#   Decrease Java heap size (-Xmx/-Xms)
#   Decrease number of Java threads
#   Decrease Java thread stack sizes (-Xss)
#   Set larger code cache with -XX:ReservedCodeCacheSize=
# This output file may be truncated or incomplete.
#
#  Out of Memory Error (allocation.cpp:390), pid=3800, tid=0x00000000000037c8
#
# JRE version: OpenJDK Runtime Environment (8.0_152-b02) (build 1.8.0_152-release-1024-b02)
# Java VM: OpenJDK 64-Bit Server VM (25.152-b02 mixed mode windows-amd64 compressed oops)
# Failed to write core dump. Minidumps are not enabled by default on client versions of Windows
#

---------------  T H R E A D  ---------------

Current thread (0x000000001865e000):  JavaThread "C2 CompilerThread0" daemon [_thread_in_native, id=14280, stack(0x0000000018db0000,0x0000000018eb0000)]

Stack: [0x0000000018db0000,0x0000000018eb0000]
[error occurred during error reporting (printing stack bounds), id 0xc0000005]

Native frames: (J=compiled Java code, j=interpreted, Vv=VM code, C=native code)


Current CompileTask:
C2:   6347 5293       4       java.lang.Class::privateGetMethodRecursive (130 bytes)


---------------  P R O C E S S  ---------------

Java Threads: ( => current thread )
  0x000000001edf0800 JavaThread "Task worker for ':' Thread 6" [_thread_blocked, id=15136, stack(0x00000000247b0000,0x00000000248b0000)]
  0x000000001edf0000 JavaThread "Task worker for ':' Thread 5" [_thread_blocked, id=20272, stack(0x00000000246b0000,0x00000000247b0000)]
  0x000000001eded000 JavaThread "Task worker for ':' Thread 4" [_thread_blocked, id=11616, stack(0x00000000245b0000,0x00000000246b0000)]
  0x000000001edef000 JavaThread "Task worker for ':' Thread 3" [_thread_blocked, id=18704, stack(0x00000000244b0000,0x00000000245b0000)]
  0x000000001ede2800 JavaThread "Task worker for ':' Thread 2" [_thread_blocked, id=13872, stack(0x00000000243b0000,0x00000000244b0000)]
  0x000000001ede6000 JavaThread "Task worker for ':'" [_thread_blocked, id=15744, stack(0x00000000242b0000,0x00000000243b0000)]
  0x000000001ede9000 JavaThread "Cache worker for Build Output Cleanup Cache (C:\Users\khs\AndroidStudioProjects\Chapter1GeoQuiz\.gradle\buildOutputCleanup)" [_thread_blocked, id=9904, stack(0x00000000241b0000,0x00000000242b0000)]
  0x000000001ede1800 JavaThread "Cache worker for task history cache (C:\Users\khs\AndroidStudioProjects\Chapter1GeoQuiz\.gradle\4.4\taskHistory)" [_thread_blocked, id=13244, stack(0x00000000240b0000,0x00000000241b0000)]
  0x000000001ede7000 JavaThread "Cache worker for file content cache (C:\Users\khs\AndroidStudioProjects\Chapter1GeoQuiz\.gradle\4.4\fileContent)" [_thread_blocked, id=452, stack(0x0000000023db0000,0x0000000023eb0000)]
  0x000000001ede4800 JavaThread "Memory manager" [_thread_blocked, id=11084, stack(0x0000000022a00000,0x0000000022b00000)]
  0x000000001ede4000 JavaThread "build operations Thread 8" [_thread_blocked, id=4240, stack(0x0000000021330000,0x0000000021430000)]
  0x000000001ede8800 JavaThread "build operations Thread 7" [_thread_blocked, id=11632, stack(0x0000000021230000,0x0000000021330000)]
  0x000000001ede5800 JavaThread "build operations Thread 6" [_thread_blocked, id=15180, stack(0x0000000021130000,0x0000000021230000)]
  0x000000001cb5f800 JavaThread "build operations Thread 5" [_thread_blocked, id=4900, stack(0x0000000021030000,0x0000000021130000)]
  0x000000001cb61000 JavaThread "build operations Thread 4" [_thread_blocked, id=2680, stack(0x0000000020f30000,0x0000000021030000)]
  0x000000001cb5f000 JavaThread "build operations Thread 3" [_thread_blocked, id=10960, stack(0x0000000020e30000,0x0000000020f30000)]
  0x000000001cb60800 JavaThread "build operations Thread 2" [_thread_blocked, id=4116, stack(0x0000000020d30000,0x0000000020e30000)]
  0x000000001cb5c800 JavaThread "build operations" [_thread_blocked, id=12148, stack(0x0000000020c30000,0x0000000020d30000)]
  0x000000001cb5e000 JavaThread "Cache worker for Artifact transforms cache (C:\Users\khs\.gradle\caches\transforms-1)" [_thread_blocked, id=16260, stack(0x0000000020640000,0x0000000020740000)]
  0x000000001c086800 JavaThread "Cache worker for file hash cache (C:\Users\khs\AndroidStudioProjects\Chapter1GeoQuiz\.gradle\4.4\fileHashes)" [_thread_blocked, id=13620, stack(0x000000001cd20000,0x000000001ce20000)]
  0x000000001a7fb800 JavaThread "File lock request listener" [_thread_in_native, id=4272, stack(0x000000001bc50000,0x000000001bd50000)]
  0x000000001a747000 JavaThread "Cache worker for file hash cache (C:\Users\khs\.gradle\caches\4.4\fileHashes)" [_thread_blocked, id=956, stack(0x000000001bb50000,0x000000001bc50000)]
  0x000000001a6bb000 JavaThread "Stdin handler" [_thread_blocked, id=19504, stack(0x000000001b750000,0x000000001b850000)]
  0x000000001a6b5000 JavaThread "Asynchronous log dispatcher for DefaultDaemonConnection: socket connection from /127.0.0.1:2021 to /127.0.0.1:2022" [_thread_blocked, id=18312, stack(0x000000001b650000,0x000000001b750000)]
  0x000000001a3e1800 JavaThread "Daemon worker" [_thread_blocked, id=19612, stack(0x000000001b550000,0x000000001b650000)]
  0x000000001a3e0000 JavaThread "Cancel handler" [_thread_blocked, id=15028, stack(0x000000001b450000,0x000000001b550000)]
  0x000000001a3fd000 JavaThread "Handler for socket connection from /127.0.0.1:2021 to /127.0.0.1:2022" [_thread_in_native, id=13596, stack(0x000000001b150000,0x000000001b250000)]
  0x000000001a3f2000 JavaThread "Daemon" [_thread_blocked, id=12164, stack(0x000000001b050000,0x000000001b150000)]
  0x000000001a5f9000 JavaThread "Daemon periodic checks" [_thread_blocked, id=19276, stack(0x000000001af50000,0x000000001b050000)]
  0x000000001a629000 JavaThread "Incoming local TCP Connector on port 2021" [_thread_in_native, id=17876, stack(0x000000001ad80000,0x000000001ae80000)]
  0x0000000018755800 JavaThread "Service Thread" daemon [_thread_blocked, id=12644, stack(0x00000000191b0000,0x00000000192b0000)]
  0x00000000186bf800 JavaThread "C1 CompilerThread3" daemon [_thread_in_native, id=18128, stack(0x00000000190b0000,0x00000000191b0000)]
  0x000000001675e800 JavaThread "C2 CompilerThread2" daemon [_thread_blocked, id=18220, stack(0x0000000018fb0000,0x00000000190b0000)]
  0x000000001675c800 JavaThread "C2 CompilerThread1" daemon [_thread_in_native, id=15012, stack(0x0000000018eb0000,0x0000000018fb0000)]
=>0x000000001865e000 JavaThread "C2 CompilerThread0" daemon [_thread_in_native, id=14280, stack(0x0000000018db0000,0x0000000018eb0000)]
  0x000000001865d800 JavaThread "Attach Listener" daemon [_thread_blocked, id=16676, stack(0x0000000018cb0000,0x0000000018db0000)]
  0x00000000186b0000 JavaThread "Signal Dispatcher" daemon [_thread_blocked, id=6964, stack(0x0000000018bb0000,0x0000000018cb0000)]
  0x0000000018641800 JavaThread "Finalizer" daemon [_thread_blocked, id=9160, stack(0x0000000018a20000,0x0000000018b20000)]
  0x000000001674b000 JavaThread "Reference Handler" daemon [_thread_blocked, id=12224, stack(0x0000000018520000,0x0000000018620000)]
  0x000000000278e000 JavaThread "main" [_thread_blocked, id=3748, stack(0x0000000002790000,0x0000000002890000)]

Other Threads:
  0x0000000016746800 VMThread [stack: 0x0000000018420000,0x0000000018520000] [id=20040]
  0x0000000018756800 WatcherThread [stack: 0x00000000192b0000,0x00000000193b0000] [id=10072]

VM state:not at safepoint (normal execution)

VM Mutex/Monitor currently owned by a thread: None

Heap:
 PSYoungGen      total 152576K, used 142420K [0x00000000e0000000, 0x00000000ed300000, 0x0000000100000000)
  eden space 138752K, 92% used [0x00000000e0000000,0x00000000e7d9c478,0x00000000e8780000)
  from space 13824K, 99% used [0x00000000e9700000,0x00000000ea478e60,0x00000000ea480000)
  to   space 15872K, 0% used [0x00000000e8780000,0x00000000e8780000,0x00000000e9700000)
 ParOldGen       total 175616K, used 19838K [0x00000000a0000000, 0x00000000aab80000, 0x00000000e0000000)
  object space 175616K, 11% used [0x00000000a0000000,0x00000000a135fb58,0x00000000aab80000)
 Metaspace       used 53342K, capacity 55042K, committed 55384K, reserved 1097728K
  class space    used 7313K, capacity 7702K, committed 7808K, reserved 1048576K

Card table byte_map: [0x0000000011d50000,0x0000000012060000] byte_map_base: 0x0000000011850000

Marking Bits: (ParMarkBitMap*) 0x0000000073164970
 Begin Bits: [0x0000000012a60000, 0x0000000014260000)
 End Bits:   [0x0000000014260000, 0x0000000015a60000)

Polling page: 0x0000000000b70000

CodeCache: size=245760Kb used=16553Kb max_used=17117Kb free=229206Kb
 bounds [0x0000000002990000, 0x0000000003a60000, 0x0000000011990000]
 total_blobs=5977 nmethods=5209 adapters=680
 compilation: enabled

Compilation events (10 events):
Event: 6.344 Thread 0x00000000186bf800 5952       3       com.google.common.util.concurrent.Striped$CompactStriped::getAt (7 bytes)
Event: 6.344 Thread 0x000000001675e800 5953       4       sun.security.provider.ByteArrayAccess::b2iLittle64 (614 bytes)
Event: 6.345 Thread 0x00000000186bf800 nmethod 5952 0x00000000030d6010 code [0x00000000030d6160, 0x00000000030d62d0]
Event: 6.345 Thread 0x00000000186bf800 5954       3       java.util.concurrent.ThreadPoolExecutor::runStateOf (5 bytes)
Event: 6.345 Thread 0x00000000186bf800 nmethod 5954 0x0000000002e56550 code [0x0000000002e566a0, 0x0000000002e567d0]
Event: 6.345 Thread 0x00000000186bf800 5955       3       java.util.concurrent.ThreadPoolExecutor$Worker::tryAcquire (20 bytes)
Event: 6.345 Thread 0x00000000186bf800 nmethod 5955 0x0000000003a16590 code [0x0000000003a16700, 0x0000000003a16ab0]
Event: 6.345 Thread 0x00000000186bf800 5956       3       java.util.concurrent.ThreadPoolExecutor$Worker::unlock (7 bytes)
Event: 6.345 Thread 0x00000000186bf800 nmethod 5956 0x0000000003a47f10 code [0x0000000003a480a0, 0x0000000003a485c8]
Event: 6.345 Thread 0x00000000186bf800 5957   !   3       java.util.concurrent.ThreadPoolExecutor::getTask (179 bytes)

GC Heap History (10 events):
Event: 1.898 GC heap before
{Heap before GC invocations=4 (full 1):
 PSYoungGen      total 76288K, used 8895K [0x00000000e0000000, 0x00000000e9500000, 0x0000000100000000)
  eden space 65536K, 0% used [0x00000000e0000000,0x00000000e0000000,0x00000000e4000000)
  from space 10752K, 82% used [0x00000000e4000000,0x00000000e48afcc8,0x00000000e4a80000)
  to   space 10752K, 0% used [0x00000000e8a80000,0x00000000e8a80000,0x00000000e9500000)
 ParOldGen       total 175104K, used 90K [0x00000000a0000000, 0x00000000aab00000, 0x00000000e0000000)
  object space 175104K, 0% used [0x00000000a0000000,0x00000000a0016878,0x00000000aab00000)
 Metaspace       used 20776K, capacity 21212K, committed 21248K, reserved 1067008K
  class space    used 2899K, capacity 3042K, committed 3072K, reserved 1048576K
Event: 1.920 GC heap after
Heap after GC invocations=4 (full 1):
 PSYoungGen      total 76288K, used 0K [0x00000000e0000000, 0x00000000e9500000, 0x0000000100000000)
  eden space 65536K, 0% used [0x00000000e0000000,0x00000000e0000000,0x00000000e4000000)
  from space 10752K, 0% used [0x00000000e4000000,0x00000000e4000000,0x00000000e4a80000)
  to   space 10752K, 0% used [0x00000000e8a80000,0x00000000e8a80000,0x00000000e9500000)
 ParOldGen       total 107520K, used 8668K [0x00000000a0000000, 0x00000000a6900000, 0x00000000e0000000)
  object space 107520K, 8% used [0x00000000a0000000,0x00000000a0877178,0x00000000a6900000)
 Metaspace       used 20776K, capacity 21212K, committed 21248K, reserved 1067008K
  class space    used 2899K, capacity 3042K, committed 3072K, reserved 1048576K
}
Event: 2.397 GC heap before
{Heap before GC invocations=5 (full 1):
 PSYoungGen      total 76288K, used 65536K [0x00000000e0000000, 0x00000000e9500000, 0x0000000100000000)
  eden space 65536K, 100% used [0x00000000e0000000,0x00000000e4000000,0x00000000e4000000)
  from space 10752K, 0% used [0x00000000e4000000,0x00000000e4000000,0x00000000e4a80000)
  to   space 10752K, 0% used [0x00000000e8a80000,0x00000000e8a80000,0x00000000e9500000)
 ParOldGen       total 107520K, used 8668K [0x00000000a0000000, 0x00000000a6900000, 0x00000000e0000000)
  object space 107520K, 8% used [0x00000000a0000000,0x00000000a0877178,0x00000000a6900000)
 Metaspace       used 26525K, capacity 26998K, committed 27136K, reserved 1073152K
  class space    used 3662K, capacity 3831K, committed 3840K, reserved 1048576K
Event: 2.402 GC heap after
Heap after GC invocations=5 (full 1):
 PSYoungGen      total 105472K, used 7390K [0x00000000e0000000, 0x00000000e9200000, 0x0000000100000000)
  eden space 97792K, 0% used [0x00000000e0000000,0x00000000e0000000,0x00000000e5f80000)
  from space 7680K, 96% used [0x00000000e8a80000,0x00000000e91b7b38,0x00000000e9200000)
  to   space 10752K, 0% used [0x00000000e7d00000,0x00000000e7d00000,0x00000000e8780000)
 ParOldGen       total 107520K, used 8676K [0x00000000a0000000, 0x00000000a6900000, 0x00000000e0000000)
  object space 107520K, 8% used [0x00000000a0000000,0x00000000a0879178,0x00000000a6900000)
 Metaspace       used 26525K, capacity 26998K, committed 27136K, reserved 1073152K
  class space    used 3662K, capacity 3831K, committed 3840K, reserved 1048576K
}
Event: 4.329 GC heap before
{Heap before GC invocations=6 (full 1):
 PSYoungGen      total 105472K, used 97082K [0x00000000e0000000, 0x00000000e9200000, 0x0000000100000000)
  eden space 97792K, 91% used [0x00000000e0000000,0x00000000e5796f38,0x00000000e5f80000)
  from space 7680K, 96% used [0x00000000e8a80000,0x00000000e91b7b38,0x00000000e9200000)
  to   space 10752K, 0% used [0x00000000e7d00000,0x00000000e7d00000,0x00000000e8780000)
 ParOldGen       total 107520K, used 8676K [0x00000000a0000000, 0x00000000a6900000, 0x00000000e0000000)
  object space 107520K, 8% used [0x00000000a0000000,0x00000000a0879178,0x00000000a6900000)
 Metaspace       used 34646K, capacity 35194K, committed 35416K, reserved 1079296K
  class space    used 4785K, capacity 4971K, committed 4992K, reserved 1048576K
Event: 4.335 GC heap after
Heap after GC invocations=6 (full 1):
 PSYoungGen      total 138752K, used 10741K [0x00000000e0000000, 0x00000000ea480000, 0x0000000100000000)
  eden space 128000K, 0% used [0x00000000e0000000,0x00000000e0000000,0x00000000e7d00000)
  from space 10752K, 99% used [0x00000000e7d00000,0x00000000e877d5d8,0x00000000e8780000)
  to   space 13824K, 0% used [0x00000000e9700000,0x00000000e9700000,0x00000000ea480000)
 ParOldGen       total 107520K, used 10829K [0x00000000a0000000, 0x00000000a6900000, 0x00000000e0000000)
  object space 107520K, 10% used [0x00000000a0000000,0x00000000a0a937b0,0x00000000a6900000)
 Metaspace       used 34646K, capacity 35194K, committed 35416K, reserved 1079296K
  class space    used 4785K, capacity 4971K, committed 4992K, reserved 1048576K
}
Event: 4.335 GC heap before
{Heap before GC invocations=7 (full 2):
 PSYoungGen      total 138752K, used 10741K [0x00000000e0000000, 0x00000000ea480000, 0x0000000100000000)
  eden space 128000K, 0% used [0x00000000e0000000,0x00000000e0000000,0x00000000e7d00000)
  from space 10752K, 99% used [0x00000000e7d00000,0x00000000e877d5d8,0x00000000e8780000)
  to   space 13824K, 0% used [0x00000000e9700000,0x00000000e9700000,0x00000000ea480000)
 ParOldGen       total 107520K, used 10829K [0x00000000a0000000, 0x00000000a6900000, 0x00000000e0000000)
  object space 107520K, 10% used [0x00000000a0000000,0x00000000a0a937b0,0x00000000a6900000)
 Metaspace       used 34646K, capacity 35194K, committed 35416K, reserved 1079296K
  class space    used 4785K, capacity 4971K, committed 4992K, reserved 1048576K
Event: 4.364 GC heap after
Heap after GC invocations=7 (full 2):
 PSYoungGen      total 138752K, used 0K [0x00000000e0000000, 0x00000000ea480000, 0x0000000100000000)
  eden space 128000K, 0% used [0x00000000e0000000,0x00000000e0000000,0x00000000e7d00000)
  from space 10752K, 0% used [0x00000000e7d00000,0x00000000e7d00000,0x00000000e8780000)
  to   space 13824K, 0% used [0x00000000e9700000,0x00000000e9700000,0x00000000ea480000)
 ParOldGen       total 175616K, used 19484K [0x00000000a0000000, 0x00000000aab80000, 0x00000000e0000000)
  object space 175616K, 11% used [0x00000000a0000000,0x00000000a1307090,0x00000000aab80000)
 Metaspace       used 34646K, capacity 35194K, committed 35416K, reserved 1079296K
  class space    used 4785K, capacity 4971K, committed 4992K, reserved 1048576K
}
Event: 5.173 GC heap before
{Heap before GC invocations=8 (full 2):
 PSYoungGen      total 138752K, used 128000K [0x00000000e0000000, 0x00000000ea480000, 0x0000000100000000)
  eden space 128000K, 100% used [0x00000000e0000000,0x00000000e7d00000,0x00000000e7d00000)
  from space 10752K, 0% used [0x00000000e7d00000,0x00000000e7d00000,0x00000000e8780000)
  to   space 13824K, 0% used [0x00000000e9700000,0x00000000e9700000,0x00000000ea480000)
 ParOldGen       total 175616K, used 19484K [0x00000000a0000000, 0x00000000aab80000, 0x00000000e0000000)
  object space 175616K, 11% used [0x00000000a0000000,0x00000000a1307090,0x00000000aab80000)
 Metaspace       used 42895K, capacity 43790K, committed 43864K, reserved 1087488K
  class space    used 5921K, capacity 6206K, committed 6272K, reserved 1048576K
Event: 5.181 GC heap after
Heap after GC invocations=8 (full 2):
 PSYoungGen      total 152576K, used 13795K [0x00000000e0000000, 0x00000000ed300000, 0x0000000100000000)
  eden space 138752K, 0% used [0x00000000e0000000,0x00000000e0000000,0x00000000e8780000)
  from space 13824K, 99% used [0x00000000e9700000,0x00000000ea478e60,0x00000000ea480000)
  to   space 15872K, 0% used [0x00000000e8780000,0x00000000e8780000,0x00000000e9700000)
 ParOldGen       total 175616K, used 19838K [0x00000000a0000000, 0x00000000aab80000, 0x00000000e0000000)
  object space 175616K, 11% used [0x00000000a0000000,0x00000000a135fb58,0x00000000aab80000)
 Metaspace       used 42895K, capacity 43790K, committed 43864K, reserved 1087488K
  class space    used 5921K, capacity 6206K, committed 6272K, reserved 1048576K
}

Deoptimization events (10 events):
Event: 5.995 Thread 0x000000001a3e1800 Uncommon trap: reason=unstable_if action=reinterpret pc=0x0000000003a47298 method=org.objectweb.asm.Frame.initInputFrame(Lorg/objectweb/asm/ClassWriter;I[Lorg/objectweb/asm/Type;I)V @ 107
Event: 5.995 Thread 0x000000001a3e1800 Uncommon trap: reason=unstable_if action=reinterpret pc=0x0000000003a16b48 method=org.objectweb.asm.MethodWriter.visitFrame(Lorg/objectweb/asm/Frame;)V @ 62
Event: 6.069 Thread 0x000000001ede1800 Uncommon trap: reason=unstable_if action=reinterpret pc=0x00000000038035a8 method=java.util.regex.Pattern$Curly.match0(Ljava/util/regex/Matcher;IILjava/lang/CharSequence;)Z @ 5
Event: 6.072 Thread 0x000000001ede2800 Uncommon trap: reason=bimorphic action=maybe_recompile pc=0x00000000039fa0a0 method=com.google.common.collect.NaturalOrdering.compare(Ljava/lang/Comparable;Ljava/lang/Comparable;)I @ 12
Event: 6.072 Thread 0x000000001ede2800 Uncommon trap: reason=bimorphic action=maybe_recompile pc=0x00000000039fa0a0 method=com.google.common.collect.NaturalOrdering.compare(Ljava/lang/Comparable;Ljava/lang/Comparable;)I @ 12
Event: 6.081 Thread 0x000000001ede2800 Uncommon trap: reason=unstable_if action=reinterpret pc=0x0000000002f57bb0 method=java.lang.AbstractStringBuilder.append(Ljava/lang/String;)Ljava/lang/AbstractStringBuilder; @ 1
Event: 6.184 Thread 0x000000001cb60800 Uncommon trap: reason=unstable_if action=reinterpret pc=0x0000000002e5313c method=java.util.concurrent.ConcurrentHashMap.addCount(JI)V @ 168
Event: 6.184 Thread 0x000000001cb60800 Uncommon trap: reason=unstable_if action=reinterpret pc=0x0000000002dee8cc method=java.util.concurrent.ConcurrentHashMap.transfer([Ljava/util/concurrent/ConcurrentHashMap$Node;[Ljava/util/concurrent/ConcurrentHashMap$Node;)V @ 34
Event: 6.185 Thread 0x000000001cb61000 Uncommon trap: reason=unstable_if action=reinterpret pc=0x0000000002de7414 method=java.util.concurrent.ConcurrentHashMap.addCount(JI)V @ 168
Event: 6.204 Thread 0x000000001ede2800 Uncommon trap: reason=unstable_if action=reinterpret pc=0x0000000002ab2ed0 method=java.util.concurrent.ConcurrentHashMap.get(Ljava/lang/Object;)Ljava/lang/Object; @ 86

Classes redefined (0 events):
No events

Internal exceptions (10 events):
Event: 5.922 Thread 0x000000001a3e1800 Exception <a 'java/lang/ClassNotFoundException': org/gradle/model/internal/core/ModelMapGroovyViewCustomizer> (0x00000000e55db2b0) thrown at [D:\src\AOSP-openjdk-cygwin\jdk8u\hotspot\src\share\vm\classfile\systemDictionary.cpp, line 210]
Event: 5.922 Thread 0x000000001a3e1800 Exception <a 'java/lang/ClassNotFoundException': org/gradle/model/internal/core/NodeBackedModelMapCustomizer> (0x00000000e56035d0) thrown at [D:\src\AOSP-openjdk-cygwin\jdk8u\hotspot\src\share\vm\classfile\systemDictionary.cpp, line 210]
Event: 5.924 Thread 0x000000001a3e1800 Exception <a 'java/lang/ClassNotFoundException': org/gradle/platform/base/BinaryContainer_ImplCustomizer> (0x00000000e56667b8) thrown at [D:\src\AOSP-openjdk-cygwin\jdk8u\hotspot\src\share\vm\classfile\systemDictionary.cpp, line 210]
Event: 6.023 Thread 0x000000001a3e1800 Exception <a 'java/lang/OutOfMemoryError': unable to create new native thread> (0x00000000e5f0d7d8) thrown at [D:\src\AOSP-openjdk-cygwin\jdk8u\hotspot\src\share\vm\prims\jvm.cpp, line 3033]
Event: 6.026 Thread 0x000000001ede2800 Exception <a 'java/lang/NoSuchMethodError': <clinit>> (0x00000000e6135580) thrown at [D:\src\AOSP-openjdk-cygwin\jdk8u\hotspot\src\share\vm\prims\jni.cpp, line 1613]
Event: 6.026 Thread 0x000000001ede2800 Exception <a 'java/lang/NoSuchMethodError': <clinit>> (0x00000000e6140800) thrown at [D:\src\AOSP-openjdk-cygwin\jdk8u\hotspot\src\share\vm\prims\jni.cpp, line 1613]
Event: 6.058 Thread 0x000000001ede2800 Exception <a 'java/lang/NoSuchMethodError': <clinit>> (0x00000000e6494610) thrown at [D:\src\AOSP-openjdk-cygwin\jdk8u\hotspot\src\share\vm\prims\jni.cpp, line 1613]
Event: 6.059 Thread 0x000000001ede2800 Exception <a 'java/lang/NoSuchMethodError': <clinit>> (0x00000000e64a7428) thrown at [D:\src\AOSP-openjdk-cygwin\jdk8u\hotspot\src\share\vm\prims\jni.cpp, line 1613]
Event: 6.059 Thread 0x000000001ede2800 Exception <a 'java/lang/NoSuchMethodError': <clinit>> (0x00000000e64a8cd8) thrown at [D:\src\AOSP-openjdk-cygwin\jdk8u\hotspot\src\share\vm\prims\jni.cpp, line 1613]
Event: 6.081 Thread 0x000000001ede2800 Implicit null exception at 0x0000000002f57662 to 0x0000000002f57ba1

Events (10 events):
Event: 6.334 Thread 0x00000000186bf800 flushing nmethod 0x000000000316da90
Event: 6.334 Thread 0x00000000186bf800 flushing nmethod 0x0000000003243990
Event: 6.336 Thread 0x00000000186bf800 flushing nmethod 0x0000000003457ad0
Event: 6.336 Thread 0x00000000186bf800 flushing nmethod 0x0000000003458490
Event: 6.336 Thread 0x00000000186bf800 flushing nmethod 0x000000000348da90
Event: 6.336 Thread 0x00000000186bf800 flushing nmethod 0x000000000351a550
Event: 6.337 Thread 0x00000000186bf800 flushing nmethod 0x00000000036630d0
Event: 6.337 Thread 0x00000000186bf800 flushing nmethod 0x00000000036e7110
Event: 6.339 Thread 0x00000000186bf800 flushing nmethod 0x0000000003a16350
Event: 6.339 Thread 0x00000000186bf800 flushing nmethod 0x0000000003a46410


Dynamic libraries:
0x00007ff6cc2c0000 - 0x00007ff6cc2f1000 	C:\Program Files\Android\Android Studio\jre\bin\java.exe
0x00007ff8d6400000 - 0x00007ff8d65e1000 	C:\WINDOWS\SYSTEM32\ntdll.dll
0x00007ff8d5bb0000 - 0x00007ff8d5c62000 	C:\WINDOWS\System32\KERNEL32.DLL
0x00007ff8d2ab0000 - 0x00007ff8d2d23000 	C:\WINDOWS\System32\KERNELBASE.dll
0x00007ff8d6270000 - 0x00007ff8d6311000 	C:\WINDOWS\System32\ADVAPI32.dll
0x00007ff8d5c70000 - 0x00007ff8d5d0e000 	C:\WINDOWS\System32\msvcrt.dll
0x00007ff8d3960000 - 0x00007ff8d39bb000 	C:\WINDOWS\System32\sechost.dll
0x00007ff8d3ea0000 - 0x00007ff8d3fc4000 	C:\WINDOWS\System32\RPCRT4.dll
0x00007ff8d58b0000 - 0x00007ff8d5a40000 	C:\WINDOWS\System32\USER32.dll
0x00007ff8d2a90000 - 0x00007ff8d2ab0000 	C:\WINDOWS\System32\win32u.dll
0x00007ff8d39c0000 - 0x00007ff8d39e8000 	C:\WINDOWS\System32\GDI32.dll
0x00007ff8d2e30000 - 0x00007ff8d2fc2000 	C:\WINDOWS\System32\gdi32full.dll
0x00007ff8d2fd0000 - 0x00007ff8d306f000 	C:\WINDOWS\System32\msvcp_win.dll
0x00007ff8d2d30000 - 0x00007ff8d2e2a000 	C:\WINDOWS\System32\ucrtbase.dll
0x00007ff8c6130000 - 0x00007ff8c6399000 	C:\WINDOWS\WinSxS\amd64_microsoft.windows.common-controls_6595b64144ccf1df_6.0.17134.285_none_fb4297e330656775\COMCTL32.dll
0x00007ff8d5d90000 - 0x00007ff8d60b3000 	C:\WINDOWS\System32\combase.dll
0x00007ff8d2a10000 - 0x00007ff8d2a8a000 	C:\WINDOWS\System32\bcryptPrimitives.dll
0x00007ff8d3890000 - 0x00007ff8d38bd000 	C:\WINDOWS\System32\IMM32.DLL
0x00000000728c0000 - 0x0000000072992000 	C:\Program Files\Android\Android Studio\jre\jre\bin\msvcr100.dll
0x00000000729a0000 - 0x00000000731df000 	C:\Program Files\Android\Android Studio\jre\jre\bin\server\jvm.dll
0x00007ff8d58a0000 - 0x00007ff8d58a8000 	C:\WINDOWS\System32\PSAPI.DLL
0x00007ff8c0d60000 - 0x00007ff8c0d69000 	C:\WINDOWS\SYSTEM32\WSOCK32.dll
0x00007ff8cee80000 - 0x00007ff8ceea3000 	C:\WINDOWS\SYSTEM32\WINMM.dll
0x00007ff8ccac0000 - 0x00007ff8ccaca000 	C:\WINDOWS\SYSTEM32\VERSION.dll
0x00007ff8d5830000 - 0x00007ff8d589c000 	C:\WINDOWS\System32\WS2_32.dll
0x00007ff8cee50000 - 0x00007ff8cee7a000 	C:\WINDOWS\SYSTEM32\WINMMBASE.dll
0x00007ff8d27d0000 - 0x00007ff8d2819000 	C:\WINDOWS\System32\cfgmgr32.dll
0x00007ff8c7540000 - 0x00007ff8c754f000 	C:\Program Files\Android\Android Studio\jre\jre\bin\verify.dll
0x00007ff8c7280000 - 0x00007ff8c72a9000 	C:\Program Files\Android\Android Studio\jre\jre\bin\java.dll
0x00007ff8c1350000 - 0x00007ff8c1366000 	C:\Program Files\Android\Android Studio\jre\jre\bin\zip.dll
0x00007ff8d3fd0000 - 0x00007ff8d5410000 	C:\WINDOWS\System32\SHELL32.dll
0x00007ff8d6320000 - 0x00007ff8d63c9000 	C:\WINDOWS\System32\shcore.dll
0x00007ff8d3070000 - 0x00007ff8d377d000 	C:\WINDOWS\System32\windows.storage.dll
0x00007ff8d39f0000 - 0x00007ff8d3a41000 	C:\WINDOWS\System32\shlwapi.dll
0x00007ff8d2740000 - 0x00007ff8d2751000 	C:\WINDOWS\System32\kernel.appcore.dll
0x00007ff8d2720000 - 0x00007ff8d273f000 	C:\WINDOWS\System32\profapi.dll
0x00007ff8d2760000 - 0x00007ff8d27ac000 	C:\WINDOWS\System32\powrprof.dll
0x00007ff8d2710000 - 0x00007ff8d271a000 	C:\WINDOWS\System32\FLTLIB.DLL
0x00007ff8c1280000 - 0x00007ff8c129a000 	C:\Program Files\Android\Android Studio\jre\jre\bin\net.dll
0x00007ff8d1f90000 - 0x00007ff8d1ff6000 	C:\WINDOWS\system32\mswsock.dll
0x00007ff8bdb50000 - 0x00007ff8bdb61000 	C:\Program Files\Android\Android Studio\jre\jre\bin\nio.dll
0x00007ff8c8490000 - 0x00007ff8c84ae000 	C:\Users\khs\.gradle\native\25\windows-amd64\native-platform.dll
0x00007ff8c4cb0000 - 0x00007ff8c4cbd000 	C:\Program Files\Android\Android Studio\jre\jre\bin\management.dll
0x00007ff8d2140000 - 0x00007ff8d2157000 	C:\WINDOWS\SYSTEM32\CRYPTSP.dll
0x00007ff8d1b70000 - 0x00007ff8d1ba3000 	C:\WINDOWS\system32\rsaenh.dll
0x00007ff8d2270000 - 0x00007ff8d2295000 	C:\WINDOWS\SYSTEM32\bcrypt.dll
0x00007ff8d2610000 - 0x00007ff8d2638000 	C:\WINDOWS\SYSTEM32\USERENV.dll
0x00007ff8d2160000 - 0x00007ff8d216b000 	C:\WINDOWS\SYSTEM32\CRYPTBASE.dll
0x00007ff8d1d10000 - 0x00007ff8d1d48000 	C:\WINDOWS\SYSTEM32\IPHLPAPI.DLL
0x00007ff8d5410000 - 0x00007ff8d5418000 	C:\WINDOWS\System32\NSI.dll
0x00007ff8c9b70000 - 0x00007ff8c9b86000 	C:\WINDOWS\SYSTEM32\dhcpcsvc6.DLL
0x00007ff8c9b50000 - 0x00007ff8c9b6a000 	C:\WINDOWS\SYSTEM32\dhcpcsvc.DLL

VM Arguments:
jvm_args: -Xmx1536m -Dfile.encoding=x-windows-949 -Duser.country=KR -Duser.language=ko -Duser.variant 
java_command: org.gradle.launcher.daemon.bootstrap.GradleDaemon 4.4
java_class_path (initial): C:\Users\khs\.gradle\wrapper\dists\gradle-4.4-all\9br9xq1tocpiv8o6njlyu5op1\gradle-4.4\lib\gradle-launcher-4.4.jar
Launcher Type: SUN_STANDARD

Environment Variables:
PATH=C:\Program Files\Microsoft MPI\Bin\;C:\Program Files (x86)\Razer Chroma SDK\bin;C:\Program Files\Razer Chroma SDK\bin;D:\app\client\khs\product\12.1.0\client_1;D:\app\client\khs\product\12.1.0\client_1\bin;C:\ProgramData\Oracle\Java\javapath;C:\Program Files\Common Files\Microsoft Shared\Windows Live;C:\Program Files (x86)\Common Files\Microsoft Shared\Windows Live;C:\Windows\system32;C:\Windows;C:\Windows\System32\Wbem;C:\Windows\System32\WindowsPowerShell\v1.0\;C:\Program Files (x86)\Windows Live\Shared;C:\Program Files\Crucial\Crucial Storage Executive;C:\Android;C:\Windows\System32;C:\Program Files (x86)\Common Files\Acronis\SnapAPI\;C:\Program Files\Microsoft SQL Server\110\Tools\Binn\;C:\Program Files (x86)\Skype\Phone\;C:\Program Files (x86)\NVIDIA Corporation\PhysX\Common;C:\Users\khs\AppData\Local\Microsoft\WindowsApps;C:\WINDOWS\system32;C:\WINDOWS;C:\WINDOWS\System32\Wbem;C:\WINDOWS\System32\WindowsPowerShell\v1.0\;C:\Program Files\dotnet\;C:\Program Files\Microsoft SQL Server\130\Tools\Binn\;C:\Program Files (x86)\Microsoft SDKs\TypeScript\1.0\;C:\Program Files\Microsoft SQL Server\120\Tools\Binn\;C:\WINDOWS\System32\OpenSSH\;;C:\Users\khs\AppData\Local\Microsoft\WindowsApps;C:\Program Files (x86)\Common Files\Acronis\TibMounter64
USERNAME=khs
OS=Windows_NT
PROCESSOR_IDENTIFIER=Intel64 Family 6 Model 94 Stepping 3, GenuineIntel



---------------  S Y S T E M  ---------------

OS: Windows 10.0 , 64 bit Build 17134 (10.0.17134.1)

CPU:total 8 (initial active 8) (4 cores per cpu, 2 threads per core) family 6 model 94 stepping 3, cmov, cx8, fxsr, mmx, sse, sse2, sse3, ssse3, sse4.1, sse4.2, popcnt, avx, avx2, aes, clmul, erms, rtm, 3dnowpref, lzcnt, ht, tsc, tscinvbit, bmi1, bmi2, adx

Memory: 4k page, physical 16712044k(5047156k free), swap 16712044k(5356k free)

vm_info: OpenJDK 64-Bit Server VM (25.152-b02) for windows-amd64 JRE (1.8.0_152-release-1024-b02), built by "builder" with MS VC++ 10.0 (VS2010)

time: Sun Sep 30 16:58:40 2018
elapsed time: 6 seconds (0d 0h 0m 6s)

